<?xml version="1.0" encoding="UTF-8"?>
<!-- Generated by org.testng.reporters.JUnitXMLReporter -->
<testsuite hostname="LAPTOP-4MO39718" name="Login becow on Firefox" tests="8" failures="1" timestamp="5 May 2019 06:54:27 GMT" time="226.027" errors="0">
  <testcase name="TC_01_LoginEmptyEmailAndPassWord" time="0.689" classname="BecowTestcases.LoginPageScript"/>
  <testcase name="TC_02_LoginWrongSDTFormat" time="0.672" classname="BecowTestcases.LoginPageScript"/>
  <testcase name="TC_03_LoginWrongEMAILFormat" time="0.588" classname="BecowTestcases.LoginPageScript"/>
  <testcase name="TC_04_LoginIncorrectAccount" time="0.562" classname="BecowTestcases.LoginPageScript"/>
  <testcase name="TC_05_LoginIncorrectAccountAndIncorrectPassword" time="0.689" classname="BecowTestcases.LoginPageScript"/>
  <testcase name="TC_06_LoginIncorrectEmailOrSdtOrPassword" time="0.617" classname="BecowTestcases.LoginPageScript"/>
  <testcase name="TC_07_LoginSucessFully" time="45.452" classname="BecowTestcases.LoginPageScript"/>
  <testcase name="TC_10_CreateProductSuccessfully" time="82.099" classname="BecowTestcases.CreateProductScript">
    <failure type="org.openqa.selenium.TimeoutException" message="Expected condition failed: waiting for visibility of element located by By.xpath: //span[@class=&amp;apos;icon-pen-underline&amp;apos;] (tried for 50 second(s) with 500 milliseconds interval)">
      <![CDATA[org.openqa.selenium.TimeoutException: Expected condition failed: waiting for visibility of element located by By.xpath: //span[@class='icon-pen-underline'] (tried for 50 second(s) with 500 milliseconds interval)
	at org.openqa.selenium.support.ui.WebDriverWait.timeoutException(WebDriverWait.java:81)
	at org.openqa.selenium.support.ui.FluentWait.until(FluentWait.java:271)
	at CommonPage.CommonFunction.waitVisible(CommonFunction.java:355)
	at BecowActions.CreateProductPage.clickOnEditQuantity(CreateProductPage.java:226)
	at BecowTestcases.CreateProductScript.TC_10_CreateProductSuccessfully(CreateProductScript.java:280)
	at java.util.concurrent.FutureTask.run(Unknown Source)
	at java.util.concurrent.ThreadPoolExecutor.runWorker(Unknown Source)
	at java.util.concurrent.ThreadPoolExecutor$Worker.run(Unknown Source)
	at java.lang.Thread.run(Unknown Source)
Caused by: org.openqa.selenium.NoSuchElementException: Cannot locate an element using By.xpath: //span[@class='icon-pen-underline']
For documentation on this error, please visit: http://seleniumhq.org/exceptions/no_such_element.html
Build info: version: '3.11.0', revision: 'e59cfb3', time: '2018-03-11T20:26:55.152Z'
System info: host: 'LAPTOP-4MO39718', ip: '192.168.100.20', os.name: 'Windows 10', os.arch: 'amd64', os.version: '10.0', java.version: '1.8.0_201'
Driver info: driver.version: unknown
	at org.openqa.selenium.support.ui.ExpectedConditions.lambda$findElement$0(ExpectedConditions.java:896)
	at java.util.Optional.orElseThrow(Unknown Source)
	at org.openqa.selenium.support.ui.ExpectedConditions.findElement(ExpectedConditions.java:895)
	at org.openqa.selenium.support.ui.ExpectedConditions.access$000(ExpectedConditions.java:44)
	at org.openqa.selenium.support.ui.ExpectedConditions$7.apply(ExpectedConditions.java:206)
	at org.openqa.selenium.support.ui.ExpectedConditions$7.apply(ExpectedConditions.java:202)
	at org.openqa.selenium.support.ui.FluentWait.until(FluentWait.java:248)
	... 23 more
... Removed 16 stack frames]]>
    </failure>
  </testcase> <!-- TC_10_CreateProductSuccessfully -->
</testsuite> <!-- Login becow on Firefox -->
